<?xml version="1.0" encoding="UTF-8"?>
<testsuite name="ru.sixgirlsandaguy.ticTacToe.BoardTest" tests="1" skipped="0" failures="0" errors="0" timestamp="2015-10-29T18:15:56" hostname="Sillas-MacBook-Pro.local" time="0.001">
  <properties/>
  <testcase name="testGetCell" classname="ru.sixgirlsandaguy.ticTacToe.BoardTest" time="0.001"/>
  <system-out><![CDATA[]]></system-out>
  <system-err><![CDATA[]]></system-err>
</testsuite>
